#
# There is insufficient memory for the Java Runtime Environment to continue.
# Native memory allocation (mmap) failed to map 266338304 bytes for Failed to commit area from 0x0000000703200000 to 0x0000000713000000 of length 266338304.
# Possible reasons:
#   The system is out of physical RAM or swap space
#   The process is running with CompressedOops enabled, and the Java Heap may be blocking the growth of the native heap
# Possible solutions:
#   Reduce memory load on the system
#   Increase physical memory or swap space
#   Check if swap backing store is full
#   Decrease Java heap size (-Xmx/-Xms)
#   Decrease number of Java threads
#   Decrease Java thread stack sizes (-Xss)
#   Set larger code cache with -XX:ReservedCodeCacheSize=
#   JVM is running with Zero Based Compressed Oops mode in which the Java heap is
#     placed in the first 32GB address space. The Java Heap base address is the
#     maximum limit for the native heap growth. Please use -XX:HeapBaseMinAddress
#     to set the Java Heap base and to place the Java Heap above 32GB virtual address.
# This output file may be truncated or incomplete.
#
#  Out of Memory Error (t:/workspace/open/src/hotspot/os/windows/os_windows.cpp:3315), pid=6352, tid=16316
#
# JRE version:  (14.0+36) (build )
# Java VM: Java HotSpot(TM) 64-Bit Server VM (14+36-1461, mixed mode, sharing, tiered, compressed oops, g1 gc, windows-amd64)
# No core dump will be written. Minidumps are not enabled by default on client versions of Windows
#

---------------  S U M M A R Y ------------

Command Line: -Dfile.encoding=Cp1252 -XX:+ShowCodeDetailsInExceptionMessages view.Launcher

Host: Intel(R) Core(TM) i7-8750H CPU @ 2.20GHz, 12 cores, 15G,  Windows 10 , 64 bit Build 19041 (10.0.19041.1023)
Time: Mon Jun 21 03:31:25 2021 Egypt Standard Time elapsed time: 0 seconds (0d 0h 0m 0s)

---------------  T H R E A D  ---------------

Current thread (0x0000020387219800):  JavaThread "Unknown thread" [_thread_in_vm, id=16316, stack(0x00000016a5100000,0x00000016a5200000)]

Stack: [0x00000016a5100000,0x00000016a5200000]
Native frames: (J=compiled Java code, j=interpreted, Vv=VM code, C=native code)
V  [jvm.dll+0x5f83ea]
V  [jvm.dll+0x741e2a]
V  [jvm.dll+0x7435df]
V  [jvm.dll+0x743c23]
V  [jvm.dll+0x20d268]
V  [jvm.dll+0x5f579a]
V  [jvm.dll+0x5ea5f5]
V  [jvm.dll+0x2c7e7c]
V  [jvm.dll+0x2c7cb2]
V  [jvm.dll+0x2cdb9c]
V  [jvm.dll+0x313fd8]
V  [jvm.dll+0x313700]
V  [jvm.dll+0x2a090a]
V  [jvm.dll+0x2a1a59]
V  [jvm.dll+0x71f6f8]
V  [jvm.dll+0x321c24]
V  [jvm.dll+0x700aec]
V  [jvm.dll+0x392ddf]
V  [jvm.dll+0x394e51]
C  [jli.dll+0x523b]
C  [ucrtbase.dll+0x21bb2]
C  [KERNEL32.DLL+0x17034]
C  [ntdll.dll+0x52651]


---------------  P R O C E S S  ---------------

Threads class SMR info:
_java_thread_list=0x00007ff81b694078, length=0, elements={
}

Java Threads: ( => current thread )

Other Threads:
  0x000002038727f800 GCTaskThread "GC Thread#0" [stack: 0x00000016a5200000,0x00000016a5300000] [id=12272]
  0x00000203872a1000 ConcurrentGCThread "G1 Main Marker" [stack: 0x00000016a5300000,0x00000016a5400000] [id=14460]
  0x00000203872a2800 ConcurrentGCThread "G1 Conc#0" [stack: 0x00000016a5400000,0x00000016a5500000] [id=29880]

[error occurred during error reporting (printing all threads), id 0xc0000005, EXCEPTION_ACCESS_VIOLATION (0xc0000005) at pc=0x00007ff81aec1237]

VM state:not at safepoint (not fully initialized)

VM Mutex/Monitor currently owned by a thread:  ([mutex/lock_event])
[0x0000020387215550] Heap_lock - owner thread: 0x0000020387219800

Heap address: 0x0000000703200000, size: 4046 MB, Compressed Oops mode: Zero based, Oop shift amount: 3
Narrow klass base: 0x0000000000000000, Narrow klass shift: 0

GC Heap History (0 events):
No events

Deoptimization events (0 events):
No events

Classes unloaded (0 events):
No events

Classes redefined (0 events):
No events

Internal exceptions (0 events):
No events

Events (2 events):
Event: 0.010 Loaded shared library C:\Program Files\Java\jdk-14\bin\java.dll
Event: 0.011 Loaded shared library C:\Program Files\Java\jdk-14\bin\zip.dll


Dynamic libraries:
0x00007ff648be0000 - 0x00007ff648bef000 	C:\Program Files\Java\jdk-14\bin\javaw.exe
0x00007ff89a850000 - 0x00007ff89aa45000 	C:\WINDOWS\SYSTEM32\ntdll.dll
0x00007ff898d70000 - 0x00007ff898e2d000 	C:\WINDOWS\System32\KERNEL32.DLL
0x00007ff897f90000 - 0x00007ff898258000 	C:\WINDOWS\System32\KERNELBASE.dll
0x00007ff898790000 - 0x00007ff898890000 	C:\WINDOWS\System32\ucrtbase.dll
0x00007ff892d50000 - 0x00007ff892d65000 	C:\Program Files\Java\jdk-14\bin\VCRUNTIME140.dll
0x00007ff882b10000 - 0x00007ff882b28000 	C:\Program Files\Java\jdk-14\bin\jli.dll
0x00007ff8992b0000 - 0x00007ff89935c000 	C:\WINDOWS\System32\ADVAPI32.dll
0x00007ff899b50000 - 0x00007ff899bee000 	C:\WINDOWS\System32\msvcrt.dll
0x00007ff899bf0000 - 0x00007ff899c8b000 	C:\WINDOWS\System32\sechost.dll
0x00007ff899180000 - 0x00007ff8992ab000 	C:\WINDOWS\System32\RPCRT4.dll
0x00007ff89a670000 - 0x00007ff89a810000 	C:\WINDOWS\System32\USER32.dll
0x00007ff8985a0000 - 0x00007ff8985c2000 	C:\WINDOWS\System32\win32u.dll
0x00007ff87ad30000 - 0x00007ff87afca000 	C:\WINDOWS\WinSxS\amd64_microsoft.windows.common-controls_6595b64144ccf1df_6.0.19041.1052_none_60b8f8fd71f5e8cb\COMCTL32.dll
0x00007ff899ed0000 - 0x00007ff899efa000 	C:\WINDOWS\System32\GDI32.dll
0x00007ff8983b0000 - 0x00007ff8984bb000 	C:\WINDOWS\System32\gdi32full.dll
0x00007ff898260000 - 0x00007ff8982fd000 	C:\WINDOWS\System32\msvcp_win.dll
0x00007ff897b20000 - 0x00007ff897b2a000 	C:\WINDOWS\SYSTEM32\VERSION.dll
0x00007ff89a640000 - 0x00007ff89a670000 	C:\WINDOWS\System32\IMM32.DLL
0x00007ff841b20000 - 0x00007ff841bbb000 	C:\Program Files\Java\jdk-14\bin\msvcp140.dll
0x00007ff81ac10000 - 0x00007ff81b72f000 	C:\Program Files\Java\jdk-14\bin\server\jvm.dll
0x00007ff899b40000 - 0x00007ff899b48000 	C:\WINDOWS\System32\PSAPI.DLL
0x00007ff87cf80000 - 0x00007ff87cf89000 	C:\WINDOWS\SYSTEM32\WSOCK32.dll
0x00007ff8953b0000 - 0x00007ff8953d7000 	C:\WINDOWS\SYSTEM32\WINMM.dll
0x00007ff8994f0000 - 0x00007ff89955b000 	C:\WINDOWS\System32\WS2_32.dll
0x00007ff8967f0000 - 0x00007ff896802000 	C:\WINDOWS\SYSTEM32\kernel.appcore.dll
0x00007ff8956f0000 - 0x00007ff8956fa000 	C:\Program Files\Java\jdk-14\bin\jimage.dll
0x00007ff896510000 - 0x00007ff8966f4000 	C:\WINDOWS\SYSTEM32\DBGHELP.DLL
0x00007ff88fa00000 - 0x00007ff88fa2c000 	C:\WINDOWS\SYSTEM32\dbgcore.DLL
0x00007ff898510000 - 0x00007ff898593000 	C:\WINDOWS\System32\bcryptPrimitives.dll
0x00007ff8712a0000 - 0x00007ff8712c5000 	C:\Program Files\Java\jdk-14\bin\java.dll
0x00007ff895670000 - 0x00007ff895687000 	C:\Program Files\Java\jdk-14\bin\zip.dll

dbghelp: loaded successfully - version: 4.0.5 - missing functions: none
symbol engine: initialized successfully - sym options: 0x614 - pdb path: .;C:\Program Files\Java\jdk-14\bin;C:\WINDOWS\SYSTEM32;C:\WINDOWS\WinSxS\amd64_microsoft.windows.common-controls_6595b64144ccf1df_6.0.19041.1052_none_60b8f8fd71f5e8cb;C:\Program Files\Java\jdk-14\bin\server

VM Arguments:
jvm_args: -Dfile.encoding=Cp1252 -XX:+ShowCodeDetailsInExceptionMessages 
java_command: view.Launcher
java_class_path (initial): D:\engineering\4\Computer Programming Lab\programming\EmpireM2\bin;C:\Users\Ahmed Hosam\.p2\pool\plugins\org.junit_4.13.0.v20200204-1500.jar;C:\Users\Ahmed Hosam\.p2\pool\plugins\org.hamcrest.core_1.3.0.v20180420-1519.jar
Launcher Type: SUN_STANDARD

[Global flags]
     intx CICompilerCount                          = 4                                         {product} {ergonomic}
     uint ConcGCThreads                            = 3                                         {product} {ergonomic}
     uint G1ConcRefinementThreads                  = 10                                        {product} {ergonomic}
   size_t G1HeapRegionSize                         = 1048576                                   {product} {ergonomic}
    uintx GCDrainStackTargetSize                   = 64                                        {product} {ergonomic}
   size_t InitialHeapSize                          = 266338304                                 {product} {ergonomic}
   size_t MarkStackSize                            = 4194304                                   {product} {ergonomic}
   size_t MaxHeapSize                              = 4242538496                                {product} {ergonomic}
   size_t MinHeapDeltaBytes                        = 1048576                                   {product} {ergonomic}
   size_t MinHeapSize                              = 8388608                                   {product} {ergonomic}
    uintx NonNMethodCodeHeapSize                   = 5839372                                {pd product} {ergonomic}
    uintx NonProfiledCodeHeapSize                  = 122909434                              {pd product} {ergonomic}
    uintx ProfiledCodeHeapSize                     = 122909434                              {pd product} {ergonomic}
    uintx ReservedCodeCacheSize                    = 251658240                              {pd product} {ergonomic}
     bool SegmentedCodeCache                       = true                                      {product} {ergonomic}
     bool ShowCodeDetailsInExceptionMessages       = true                                   {manageable} {command line}
   size_t SoftMaxHeapSize                          = 4242538496                             {manageable} {ergonomic}
     bool UseCompressedClassPointers               = true                                 {lp64_product} {ergonomic}
     bool UseCompressedOops                        = true                                 {lp64_product} {ergonomic}
     bool UseG1GC                                  = true                                      {product} {ergonomic}
     bool UseLargePagesIndividualAllocation        = false                                  {pd product} {ergonomic}

Logging:
Log output configuration:
 #0: stdout all=warning uptime,level,tags
 #1: stderr all=off uptime,level,tags

Environment Variables:
PATH=C:/Program Files/Java/jdk-14/bin/server;C:/Program Files/Java/jdk-14/bin;C:\Program Files (x86)\Common Files\Oracle\Java\javapath;C:\Program Files (x86)\Intel\Intel(R) Management Engine Components\iCLS\;C:\Program Files\Intel\Intel(R) Management Engine Components\iCLS\;C:\WINDOWS\system32;C:\WINDOWS;C:\WINDOWS\System32\Wbem;C:\WINDOWS\System32\WindowsPowerShell\v1.0\;C:\WINDOWS\System32\OpenSSH\;C:\Program Files\Intel\WiFi\bin\;C:\Program Files\Common Files\Intel\WirelessCommon\;C:\Program Files (x86)\Intel\Intel(R) Management Engine Components\DAL;C:\Program Files\Intel\Intel(R) Management Engine Components\DAL;C:\Program Files (x86)\Intel\Intel(R) Management Engine Components\IPT;C:\Program Files\Intel\Intel(R) Management Engine Components\IPT;C:\Program Files (x86)\NVIDIA Corporation\PhysX\Common;;C:\WINDOWS\system32;C:\WINDOWS;C:\WINDOWS\System32\Wbem;C:\WINDOWS\System32\WindowsPowerShell\v1.0\;C:\WINDOWS\System32\OpenSSH\;C:\Users\Ahmed Hosam\AppData\Local\Microsoft\WindowsApps;C:\Program Files\Intel\WiFi\bin\;C:\Program Files\Common Files\Intel\WirelessCommon\;;C:\Users\Ahmed Hosam\Desktop;
USERNAME=Ahmed Hosam
OS=Windows_NT
PROCESSOR_IDENTIFIER=Intel64 Family 6 Model 158 Stepping 10, GenuineIntel



---------------  S Y S T E M  ---------------

OS: Windows 10 , 64 bit Build 19041 (10.0.19041.1023)
OS uptime: 9 days 9:32 hours

CPU:total 12 (initial active 12) (6 cores per cpu, 2 threads per core) family 6 model 158 stepping 10, cmov, cx8, fxsr, mmx, sse, sse2, sse3, ssse3, sse4.1, sse4.2, popcnt, avx, avx2, aes, clmul, erms, 3dnowpref, lzcnt, ht, tsc, tscinvbit, bmi1, bmi2, adx, fma

Memory: 4k page, system-wide physical 16178M (5348M free)
TotalPageFile size 46618M (AvailPageFile size 34M)
current process WorkingSet (physical memory assigned to process): 10M, peak: 10M
current process commit charge ("private bytes"): 65M, peak: 319M

vm_info: Java HotSpot(TM) 64-Bit Server VM (14+36-1461) for windows-amd64 JRE (14+36-1461), built on Feb  6 2020 19:08:04 by "mach5one" with MS VC++ 15.9 (VS2017)

END.
